2008-08-05 14:21:45 Warning: Warning (2): Cannot modify header information - headers already sent by (output started at /local/sites/bttbnew/cake/basics.php:262) in [CORE/cake/libs/controller/controller.php, line 577]
2008-08-06 11:33:21 Warning: Warning (2): Wrong parameter count for strstr() in [APP/views/books/index.ctp, line 60]
2008-08-06 13:48:32 Warning: Warning (512): <span style = "color:Red;text-align:left"><b>SQL Error:</b> 1064: You have an error in your SQL syntax; check the manual that corresponds to your MySQL server version for the right syntax to use near 'getURL' at line 1</span> in [CORE/cake/libs/model/datasources/dbo_source.php, line 512]
2008-08-06 13:49:52 Warning: Warning (512): <span style = "color:Red;text-align:left"><b>SQL Error:</b> 1064: You have an error in your SQL syntax; check the manual that corresponds to your MySQL server version for the right syntax to use near 'getURL' at line 1</span> in [CORE/cake/libs/model/datasources/dbo_source.php, line 512]
2008-08-06 13:51:06 Warning: Warning (512): <span style = "color:Red;text-align:left"><b>SQL Error:</b> 1064: You have an error in your SQL syntax; check the manual that corresponds to your MySQL server version for the right syntax to use near 'getURL' at line 1</span> in [CORE/cake/libs/model/datasources/dbo_source.php, line 512]
2008-08-06 14:40:40 Warning: Warning (2): Cannot modify header information - headers already sent by (output started at /local/sites/bttbnew/cake/basics.php:262) in [APP/controllers/books_controller.php, line 16]
2008-08-06 15:31:17 Warning: Warning (2): Invalid argument supplied for foreach() in [APP/views/elements/listings_group.ctp, line 7]
2008-08-06 15:35:34 Warning: Warning (512): <span style = "color:Red;text-align:left"><b>SQL Error:</b> 1062: Duplicate entry '0' for key 1</span> in [CORE/cake/libs/model/datasources/dbo_source.php, line 512]
2008-08-06 15:36:24 Warning: Warning (512): <span style = "color:Red;text-align:left"><b>SQL Error:</b> 1062: Duplicate entry '0' for key 1</span> in [CORE/cake/libs/model/datasources/dbo_source.php, line 512]
2008-08-06 15:37:08 Warning: Warning (512): <span style = "color:Red;text-align:left"><b>SQL Error:</b> 1062: Duplicate entry '0' for key 1</span> in [CORE/cake/libs/model/datasources/dbo_source.php, line 512]
2008-08-06 15:38:51 Warning: Warning (512): <span style = "color:Red;text-align:left"><b>SQL Error:</b> 1062: Duplicate entry '0' for key 1</span> in [CORE/cake/libs/model/datasources/dbo_source.php, line 512]
2008-08-06 15:39:11 Warning: Warning (512): <span style = "color:Red;text-align:left"><b>SQL Error:</b> 1062: Duplicate entry '0' for key 1</span> in [CORE/cake/libs/model/datasources/dbo_source.php, line 512]
2008-08-07 14:13:26 Warning: Warning (2): Cannot modify header information - headers already sent by (output started at /local/sites/bttbnew/cake/basics.php:304) in [APP/controllers/books_controller.php, line 22]
2008-08-07 14:20:37 Warning: Warning (2): Missing argument 1 for BooksController::buy(), called in /local/sites/bttbnew/cake/libs/object.php on line 114 and defined in [APP/controllers/books_controller.php, line 73]
2008-08-07 14:46:15 Warning: Warning (2): call_user_func_array() [<a href='http://php.net/function.call-user-func-array'>function.call-user-func-array</a>]: First argument is expected to be a valid callback, 'BooksController::/books/view_byisbn/9780030268687' was given in [CORE/cake/libs/controller/controller.php, line 628]
2008-08-07 16:43:20 Warning: Warning (512): <span style = "color:Red;text-align:left"><b>SQL Error:</b> 1054: Unknown column 'School.1' in 'field list'</span> in [CORE/cake/libs/model/datasources/dbo_source.php, line 512]
2008-08-07 16:43:36 Warning: Warning (512): <span style = "color:Red;text-align:left"><b>SQL Error:</b> 1054: Unknown column 'School.1' in 'field list'</span> in [CORE/cake/libs/model/datasources/dbo_source.php, line 512]
2008-08-11 12:27:15 Warning: Warning (512): <span style = "color:Red;text-align:left"><b>SQL Error:</b> 1062: Duplicate entry '0' for key 1</span> in [CORE/cake/libs/model/datasources/dbo_source.php, line 512]
2008-08-11 12:30:30 Warning: Warning (512): <span style = "color:Red;text-align:left"><b>SQL Error:</b> 1062: Duplicate entry '0' for key 1</span> in [CORE/cake/libs/model/datasources/dbo_source.php, line 512]
2008-08-11 12:58:41 Warning: Warning (512): <span style = "color:Red;text-align:left"><b>SQL Error:</b> 1054: Unknown column 'User.username' in 'where clause'</span> in [CORE/cake/libs/model/datasources/dbo_source.php, line 512]
2008-08-11 14:12:05 Warning: Warning (2): array_merge() [<a href='http://php.net/function.array-merge'>function.array-merge</a>]: Argument #2 is not an array in [CORE/cake/libs/router.php, line 206]
2008-08-11 14:12:06 Warning: Warning (2): array_merge() [<a href='http://php.net/function.array-merge'>function.array-merge</a>]: Argument #2 is not an array in [CORE/cake/libs/router.php, line 218]
2008-08-11 14:12:06 Warning: Warning (2): Invalid argument supplied for foreach() in [CORE/cake/libs/router.php, line 503]
2008-08-11 21:34:55 Warning: Warning (512): <span style = "color:Red;text-align:left"><b>SQL Error:</b> 1054: Unknown column 'Sale.user_id' in 'field list'</span> in [CORE/cake/libs/model/datasources/dbo_source.php, line 512]
2008-08-11 21:34:55 Warning: Warning (2): Invalid argument supplied for foreach() in [CORE/cake/libs/model/datasources/dbo_source.php, line 884]
2008-08-11 21:34:55 Warning: Warning (2): Cannot modify header information - headers already sent by (output started at /local/sites/bttbnew/cake/basics.php:262) in [CORE/cake/libs/controller/controller.php, line 577]
2008-08-11 22:01:35 Warning: Warning (2): Invalid argument supplied for foreach() in [APP/views/elements/topsellers.ctp, line 7]
2008-08-11 22:17:35 Warning: Warning (2): Missing argument 2 for BooksController::cover(), called in /local/sites/bttbnew/cake/libs/object.php on line 116 and defined in [APP/controllers/books_controller.php, line 260]
2008-08-11 22:18:36 Warning: Warning (2): Missing argument 2 for BooksController::cover(), called in /local/sites/bttbnew/cake/libs/object.php on line 116 and defined in [APP/controllers/books_controller.php, line 260]
2008-08-11 22:21:32 Warning: Warning (512): <span style = "color:Red;text-align:left"><b>SQL Error:</b> 1051: Unknown table 'Books'</span> in [CORE/cake/libs/model/datasources/dbo_source.php, line 512]
2008-08-11 22:21:32 Warning: Warning (2): Invalid argument supplied for foreach() in [APP/views/elements/topsellers.ctp, line 7]
2008-08-11 22:22:18 Warning: Warning (2): Missing argument 2 for BooksController::cover(), called in /local/sites/bttbnew/cake/libs/object.php on line 116 and defined in [APP/controllers/books_controller.php, line 260]
2008-08-12 07:57:52 Warning: Warning (512): <span style = "color:Red;text-align:left"><b>SQL Error:</b> 1054: Unknown column 'Sale.book_id' in 'field list'</span> in [CORE/cake/libs/model/datasources/dbo_source.php, line 512]
2008-08-12 07:57:52 Warning: Warning (2): Invalid argument supplied for foreach() in [CORE/cake/libs/model/datasources/dbo_source.php, line 884]
2008-08-12 09:38:25 Warning: Warning (512): <span style = "color:Red;text-align:left"><b>SQL Error:</b> 1054: Unknown column 'active_listings.school_id' in 'where clause'</span> in [CORE/cake/libs/model/datasources/dbo_source.php, line 512]
2008-08-12 09:38:25 Warning: Warning (2): Invalid argument supplied for foreach() in [APP/views/books/view.ctp, line 5]
2008-08-12 09:38:25 Warning: Warning (2): Invalid argument supplied for foreach() in [APP/views/elements/listings_group.ctp, line 7]
2008-08-12 09:38:26 Warning: Warning (2): Missing argument 2 for BooksController::cover(), called in /local/sites/bttbnew/cake/libs/object.php on line 116 and defined in [APP/controllers/books_controller.php, line 277]
2008-08-12 09:38:26 Warning: Warning (2): Cannot modify header information - headers already sent by (output started at /local/sites/bttbnew/cake/basics.php:262) in [CORE/cake/libs/view/media.php, line 132]
2008-08-12 09:38:26 Warning: Warning (2): Cannot modify header information - headers already sent by (output started at /local/sites/bttbnew/cake/basics.php:262) in [CORE/cake/libs/view/media.php, line 133]
2008-08-12 09:38:26 Warning: Warning (2): Cannot modify header information - headers already sent by (output started at /local/sites/bttbnew/cake/basics.php:262) in [CORE/cake/libs/view/media.php, line 167]
2008-08-12 09:38:26 Warning: Warning (2): Cannot modify header information - headers already sent by (output started at /local/sites/bttbnew/cake/basics.php:262) in [CORE/cake/libs/view/media.php, line 168]
2008-08-12 09:39:00 Warning: Warning (512): <span style = "color:Red;text-align:left"><b>SQL Error:</b> 1054: Unknown column 'active_listings.school_id' in 'where clause'</span> in [CORE/cake/libs/model/datasources/dbo_source.php, line 512]
2008-08-12 09:39:00 Warning: Warning (2): Invalid argument supplied for foreach() in [APP/views/books/view.ctp, line 5]
2008-08-12 09:39:00 Warning: Warning (2): Invalid argument supplied for foreach() in [APP/views/elements/listings_group.ctp, line 7]
2008-08-12 09:39:00 Warning: Warning (2): Missing argument 2 for BooksController::cover(), called in /local/sites/bttbnew/cake/libs/object.php on line 116 and defined in [APP/controllers/books_controller.php, line 277]
2008-08-12 09:39:01 Warning: Warning (2): Cannot modify header information - headers already sent by (output started at /local/sites/bttbnew/cake/basics.php:262) in [CORE/cake/libs/view/media.php, line 132]
2008-08-12 09:39:01 Warning: Warning (2): Cannot modify header information - headers already sent by (output started at /local/sites/bttbnew/cake/basics.php:262) in [CORE/cake/libs/view/media.php, line 133]
2008-08-12 09:39:01 Warning: Warning (2): Cannot modify header information - headers already sent by (output started at /local/sites/bttbnew/cake/basics.php:262) in [CORE/cake/libs/view/media.php, line 167]
2008-08-12 09:39:01 Warning: Warning (2): Cannot modify header information - headers already sent by (output started at /local/sites/bttbnew/cake/basics.php:262) in [CORE/cake/libs/view/media.php, line 168]
2008-08-12 09:39:29 Warning: Warning (512): <span style = "color:Red;text-align:left"><b>SQL Error:</b> 1054: Unknown column 'active_listing.school_id' in 'where clause'</span> in [CORE/cake/libs/model/datasources/dbo_source.php, line 512]
2008-08-12 09:39:29 Warning: Warning (2): Invalid argument supplied for foreach() in [APP/views/books/view.ctp, line 5]
2008-08-12 09:39:29 Warning: Warning (2): Invalid argument supplied for foreach() in [APP/views/elements/listings_group.ctp, line 7]
2008-08-12 09:39:31 Warning: Warning (2): Missing argument 2 for BooksController::cover(), called in /local/sites/bttbnew/cake/libs/object.php on line 116 and defined in [APP/controllers/books_controller.php, line 277]
2008-08-12 09:39:31 Warning: Warning (2): Cannot modify header information - headers already sent by (output started at /local/sites/bttbnew/cake/basics.php:262) in [CORE/cake/libs/view/media.php, line 132]
2008-08-12 09:39:31 Warning: Warning (2): Cannot modify header information - headers already sent by (output started at /local/sites/bttbnew/cake/basics.php:262) in [CORE/cake/libs/view/media.php, line 133]
2008-08-12 09:39:31 Warning: Warning (2): Cannot modify header information - headers already sent by (output started at /local/sites/bttbnew/cake/basics.php:262) in [CORE/cake/libs/view/media.php, line 167]
2008-08-12 09:39:31 Warning: Warning (2): Cannot modify header information - headers already sent by (output started at /local/sites/bttbnew/cake/basics.php:262) in [CORE/cake/libs/view/media.php, line 168]
2008-08-12 09:57:06 Warning: Warning (512): <span style = "color:Red;text-align:left"><b>SQL Error:</b> 1054: Unknown column 'ActiveListing.school_id' in 'where clause'</span> in [CORE/cake/libs/model/datasources/dbo_source.php, line 512]
2008-08-12 09:57:06 Warning: Warning (2): Invalid argument supplied for foreach() in [CORE/cake/libs/model/datasources/dbo_source.php, line 884]
2008-08-12 09:57:28 Warning: Warning (512): <span style = "color:Red;text-align:left"><b>SQL Error:</b> 1054: Unknown column 'ActiveListing.school_id' in 'where clause'</span> in [CORE/cake/libs/model/datasources/dbo_source.php, line 512]
2008-08-12 09:57:28 Warning: Warning (2): Invalid argument supplied for foreach() in [CORE/cake/libs/model/datasources/dbo_source.php, line 884]
2008-08-12 14:58:30 Warning: Warning (512): <span style = "color:Red;text-align:left"><b>SQL Error:</b> 1052: Column 'user_id' in where clause is ambiguous</span> in [CORE/cake/libs/model/datasources/dbo_source.php, line 512]
2008-08-12 14:58:33 Warning: Warning (2): Invalid argument supplied for foreach() in [APP/views/active_listings/index.ctp, line 25]
2008-08-12 15:06:52 Warning: Warning (512): <span style = "color:Red;text-align:left"><b>SQL Error:</b> 1062: Duplicate entry '0' for key 1</span> in [CORE/cake/libs/model/datasources/dbo_source.php, line 512]
2008-08-12 15:06:58 Warning: Warning (2): Missing argument 2 for BooksController::cover(), called in /local/sites/bttbnew/cake/libs/object.php on line 116 and defined in [APP/controllers/books_controller.php, line 295]
2008-08-12 15:07:01 Warning: Warning (2): Cannot modify header information - headers already sent by (output started at /local/sites/bttbnew/cake/basics.php:262) in [CORE/cake/libs/view/media.php, line 132]
2008-08-12 15:18:56 Warning: Warning (512): <span style = "color:Red;text-align:left"><b>SQL Error:</b> 1054: Unknown column 'active_listing.school_id' in 'where clause'</span> in [CORE/cake/libs/model/datasources/dbo_source.php, line 512]
2008-08-12 15:19:48 Warning: Warning (512): <span style = "color:Red;text-align:left"><b>SQL Error:</b> 1054: Unknown column 'active_listing.school_id' in 'where clause'</span> in [CORE/cake/libs/model/datasources/dbo_source.php, line 512]
2008-08-13 11:45:13 Warning: Warning (2): fopen(/local/sites/bttbnew/app/webroot/img/bookcovers/9781580087735.jpg) [<a href='http://php.net/function.fopen'>function.fopen</a>]: failed to open stream: Permission denied in [APP/models/book.php, line 145]
2008-08-13 11:45:13 Warning: Warning (2): fwrite(): supplied argument is not a valid stream resource in [APP/models/book.php, line 146]
2008-08-13 11:45:13 Warning: Warning (2): fclose(): supplied argument is not a valid stream resource in [APP/models/book.php, line 147]
2008-08-13 11:45:13 Warning: Warning (2): fopen(/local/sites/bttbnew/app/webroot/img/bookcovers/thumbs/9781580087735.jpg) [<a href='http://php.net/function.fopen'>function.fopen</a>]: failed to open stream: Permission denied in [APP/models/book.php, line 153]
2008-08-13 11:45:13 Warning: Warning (2): fwrite(): supplied argument is not a valid stream resource in [APP/models/book.php, line 154]
2008-08-13 11:45:13 Warning: Warning (2): fclose(): supplied argument is not a valid stream resource in [APP/models/book.php, line 155]
2008-08-13 11:45:14 Warning: Warning (2): Cannot modify header information - headers already sent by (output started at /local/sites/bttbnew/cake/basics.php:262) in [CORE/cake/libs/controller/controller.php, line 579]
2008-08-13 11:50:03 Warning: Warning (2): Missing argument 2 for BooksController::cover(), called in /local/sites/bttbnew/cake/libs/object.php on line 116 and defined in [APP/controllers/books_controller.php, line 311]
2008-08-13 11:50:06 Warning: Warning (2): Cannot modify header information - headers already sent by (output started at /local/sites/bttbnew/cake/basics.php:262) in [CORE/cake/libs/view/media.php, line 132]
2008-08-13 12:41:00 Warning: Warning (2): array_merge() [<a href='http://php.net/function.array-merge'>function.array-merge</a>]: Argument #2 is not an array in [APP/models/book.php, line 355]
2008-08-13 12:41:00 Warning: Warning (2): array_merge() [<a href='http://php.net/function.array-merge'>function.array-merge</a>]: Argument #4 is not an array in [APP/models/book.php, line 355]
2008-08-13 13:05:59 Warning: Warning (512): <span style = "color:Red;text-align:left"><b>SQL Error:</b> 1052: Column 'user_id' in where clause is ambiguous</span> in [CORE/cake/libs/model/datasources/dbo_source.php, line 512]
2008-08-13 13:06:01 Warning: Warning (2): Invalid argument supplied for foreach() in [APP/views/cart_items/index.ctp, line 14]
2008-08-13 13:07:06 Warning: Warning (512): <span style = "color:Red;text-align:left"><b>SQL Error:</b> 1054: Unknown column 'cart_item.user_id' in 'where clause'</span> in [CORE/cake/libs/model/datasources/dbo_source.php, line 512]
2008-08-13 13:07:08 Warning: Warning (2): Invalid argument supplied for foreach() in [APP/views/cart_items/index.ctp, line 14]
2008-08-13 13:07:17 Warning: Warning (512): <span style = "color:Red;text-align:left"><b>SQL Error:</b> 1054: Unknown column 'cart_items.user_id' in 'where clause'</span> in [CORE/cake/libs/model/datasources/dbo_source.php, line 512]
2008-08-13 13:07:20 Warning: Warning (2): Invalid argument supplied for foreach() in [APP/views/cart_items/index.ctp, line 14]
2008-08-13 13:39:42 Warning: Warning (512): <span style = "color:Red;text-align:left"><b>SQL Error:</b> 1052: Column 'user_id' in where clause is ambiguous</span> in [CORE/cake/libs/model/datasources/dbo_source.php, line 512]
2008-08-13 13:39:42 Warning: Warning (2): Invalid argument supplied for foreach() in [APP/controllers/cart_items_controller.php, line 72]
2008-08-13 13:43:17 Warning: Warning (512): <span style = "color:Red;text-align:left"><b>SQL Error:</b> 1062: Duplicate entry '0' for key 1</span> in [CORE/cake/libs/model/datasources/dbo_source.php, line 512]
2008-08-13 13:45:35 Warning: Warning (512): <span style = "color:Red;text-align:left"><b>SQL Error:</b> 1062: Duplicate entry '3203' for key 2</span> in [CORE/cake/libs/model/datasources/dbo_source.php, line 512]
2008-08-13 14:10:55 Warning: Warning (512): <span style = "color:Red;text-align:left"><b>SQL Error:</b> 1062: Duplicate entry '3204' for key 2</span> in [CORE/cake/libs/model/datasources/dbo_source.php, line 512]
2008-08-13 14:57:55 Warning: Warning (512): <span style = "color:Red;text-align:left"><b>SQL Error:</b> 1062: Duplicate entry '3205' for key 2</span> in [CORE/cake/libs/model/datasources/dbo_source.php, line 512]
2008-08-13 15:32:15 Warning: Warning (512): <span style = "color:Red;text-align:left"><b>SQL Error:</b> 1062: Duplicate entry '3206' for key 2</span> in [CORE/cake/libs/model/datasources/dbo_source.php, line 512]
2008-08-13 23:37:13 Warning: Warning (512): <span style = "color:Red;text-align:left"><b>SQL Error:</b> 1052: Column 'user_id' in where clause is ambiguous</span> in [CORE/cake/libs/model/datasources/dbo_source.php, line 512]
2008-08-14 00:22:36 Warning: Warning (512): <span style = "color:Red;text-align:left"><b>SQL Error:</b> 1054: Unknown column 'ActiveListing.17574' in 'field list'</span> in [CORE/cake/libs/model/datasources/dbo_source.php, line 512]
2008-08-14 00:30:36 Warning: Warning (512): <span style = "color:Red;text-align:left"><b>SQL Error:</b> 1054: Unknown column 'ActiveListing.17574' in 'field list'</span> in [CORE/cake/libs/model/datasources/dbo_source.php, line 512]
2008-08-14 01:01:20 Warning: Warning (2): Missing argument 2 for BooksController::cover(), called in /local/sites/bttbnew/cake/libs/object.php on line 116 and defined in [APP/controllers/books_controller.php, line 311]
2008-08-14 01:01:30 Warning: Warning (2): Cannot modify header information - headers already sent by (output started at /local/sites/bttbnew/cake/basics.php:262) in [CORE/cake/libs/view/media.php, line 132]
2008-08-14 01:01:31 Warning: Warning (2): Cannot modify header information - headers already sent by (output started at /local/sites/bttbnew/cake/basics.php:262) in [CORE/cake/libs/view/media.php, line 133]
2008-08-14 12:23:31 Warning: Warning (2): preg_match() [<a href='http://php.net/function.preg-match'>function.preg-match</a>]: No ending delimiter '/' found in [APP/app_controller.php, line 63]
2008-08-14 14:05:20 Warning: Warning (2): Missing argument 1 for SoldListingsController::admin_list_by_student_id(), called in /local/sites/bttbnew/cake/libs/object.php on line 114 and defined in [APP/controllers/sold_listings_controller.php, line 102]
2008-08-14 14:05:20 Warning: Warning (2): Cannot modify header information - headers already sent by (output started at /local/sites/bttbnew/cake/basics.php:304) in [CORE/cake/libs/controller/controller.php, line 579]
2008-08-14 14:05:55 Warning: Warning (2): Missing argument 1 for SoldListingsController::admin_list_by_student_id(), called in /local/sites/bttbnew/cake/libs/object.php on line 114 and defined in [APP/controllers/sold_listings_controller.php, line 102]
2008-08-14 14:05:55 Warning: Warning (2): Cannot modify header information - headers already sent by (output started at /local/sites/bttbnew/cake/basics.php:304) in [CORE/cake/libs/controller/controller.php, line 579]
2008-08-14 14:12:53 Warning: Warning (512): <span style = "color:Red;text-align:left"><b>SQL Error:</b> 1051: Unknown table 'Seller'</span> in [CORE/cake/libs/model/datasources/dbo_source.php, line 512]
2008-08-14 14:12:53 Warning: Warning (2): Invalid argument supplied for foreach() in [APP/controllers/sold_listings_controller.php, line 158]
2008-08-14 14:15:02 Warning: Warning (512): <span style = "color:Red;text-align:left"><b>SQL Error:</b> 1051: Unknown table 'Seller'</span> in [CORE/cake/libs/model/datasources/dbo_source.php, line 512]
2008-08-14 14:15:02 Warning: Warning (2): Invalid argument supplied for foreach() in [APP/controllers/sold_listings_controller.php, line 157]
2008-08-14 14:15:10 Warning: Warning (2): Invalid argument supplied for foreach() in [APP/views/sold_listings/admin_list_by_student_id.ctp, line 13]
2008-08-14 14:23:27 Warning: Warning (2): Invalid argument supplied for foreach() in [APP/views/sold_listings/admin_list_by_student_id.ctp, line 41]
2008-08-14 14:24:16 Warning: Warning (2): Invalid argument supplied for foreach() in [APP/views/sold_listings/admin_list_by_student_id.ctp, line 41]
2008-08-14 14:31:01 Warning: Warning (2): Invalid argument supplied for foreach() in [APP/views/sold_listings/admin_list_by_student_id.ctp, line 41]
2008-08-14 14:35:25 Warning: Warning (2): Invalid argument supplied for foreach() in [APP/views/sold_listings/admin_list_by_student_id.ctp, line 41]
2008-08-14 14:38:45 Warning: Warning (2): Invalid argument supplied for foreach() in [APP/views/sold_listings/admin_list_by_student_id.ctp, line 41]
2008-08-14 20:56:50 Warning: Warning (512): <span style = "color:Red;text-align:left"><b>SQL Error:</b> 1054: Unknown column 'Array' in 'field list'</span> in [CORE/cake/libs/model/datasources/dbo_source.php, line 512]
2008-08-14 20:56:50 Warning: Warning (2): Cannot modify header information - headers already sent by (output started at /local/sites/bttbnew/cake/basics.php:262) in [CORE/cake/libs/controller/controller.php, line 579]
2008-08-15 01:24:43 Warning: Warning (2): Invalid argument supplied for foreach() in [APP/models/book.php, line 281]
2008-08-15 09:18:14 Warning: Warning (512): <span style = "color:Red;text-align:left"><b>SQL Error:</b> 1052: Column 'user_id' in where clause is ambiguous</span> in [CORE/cake/libs/model/datasources/dbo_source.php, line 512]
2008-08-15 09:18:14 Warning: Warning (2): Cannot modify header information - headers already sent by (output started at /local/sites/bttbnew/cake/basics.php:262) in [CORE/cake/libs/controller/controller.php, line 579]
2008-08-15 11:26:32 Warning: Warning (2): file_get_contents(http://webservices.amazon.com/onca/xml?Service=AWSECommerceService&amp;AWSAccessKeyId=0EMENPX8N2R698SFXN82&amp;Operation=ItemLookup&amp;IdType=ASIN&amp;ItemId=0072971231&amp;ResponseGroup=Medium,OfferFull) [<a href='http://php.net/function.file-get-contents'>function.file-get-contents</a>]: failed to open stream: Connection timed out in [APP/models/book.php, line 281]
2008-08-15 13:09:11 Warning: Warning (2): Invalid argument supplied for foreach() in [APP/models/book.php, line 322]
2008-08-15 13:11:41 Warning: Warning (2): Invalid argument supplied for foreach() in [APP/models/book.php, line 322]
2008-08-15 13:14:14 Warning: Warning (2): Invalid argument supplied for foreach() in [APP/models/book.php, line 328]
2008-08-15 13:14:26 Warning: Warning (2): Invalid argument supplied for foreach() in [APP/models/book.php, line 328]
2008-08-15 14:30:42 Warning: Warning (2): require_once(PayPal.php) [<a href='http://php.net/function.require-once'>function.require-once</a>]: failed to open stream: No such file or directory in [APP/controllers/components/paypal.php, line 12]
2008-08-15 14:35:19 Warning: Warning (2): require_once(PayPal.php) [<a href='http://php.net/function.require-once'>function.require-once</a>]: failed to open stream: No such file or directory in [APP/controllers/components/paypal.php, line 12]
2008-08-15 14:36:32 Warning: Warning (2): require_once(PayPal.php) [<a href='http://php.net/function.require-once'>function.require-once</a>]: failed to open stream: No such file or directory in [APP/controllers/components/paypal.php, line 13]
2008-08-15 14:45:56 Warning: Warning (2): require_once(PayPal.php) [<a href='http://php.net/function.require-once'>function.require-once</a>]: failed to open stream: No such file or directory in [APP/controllers/components/paypal.php, line 14]
2008-08-15 14:50:16 Warning: Warning (2): require_once(PayPal.php) [<a href='http://php.net/function.require-once'>function.require-once</a>]: failed to open stream: No such file or directory in [APP/controllers/components/paypal.php, line 14]
2008-08-15 14:50:41 Warning: Warning (2): require_once(PayPal.php) [<a href='http://php.net/function.require-once'>function.require-once</a>]: failed to open stream: No such file or directory in [APP/controllers/components/paypal.php, line 13]
2008-08-15 14:53:45 Warning: Warning (2): PaypalComponent::require_once(PayPal.php) [<a href='http://php.net/function.PaypalComponent-require-once'>function.PaypalComponent-require-once</a>]: failed to open stream: No such file or directory in [APP/controllers/components/paypal.php, line 113]
2008-08-15 15:00:55 Warning: Warning (512): <span style = "color:Red;text-align:left"><b>SQL Error:</b> 1052: Column 'user_id' in where clause is ambiguous</span> in [CORE/cake/libs/model/datasources/dbo_source.php, line 512]
2008-08-15 15:00:55 Warning: Warning (2): Invalid argument supplied for foreach() in [APP/controllers/cart_items_controller.php, line 234]
2008-08-15 15:00:55 Warning: Warning (2): Cannot modify header information - headers already sent by (output started at /local/sites/bttbnew/cake/basics.php:262) in [CORE/cake/libs/controller/controller.php, line 579]
2008-08-15 15:48:48 Warning: Warning (512): <span style = "color:Red;text-align:left"><b>SQL Error:</b> 1062: Duplicate entry '17069' for key 3</span> in [CORE/cake/libs/model/datasources/dbo_source.php, line 512]
2008-08-15 16:03:21 Warning: Warning (2): Cannot modify header information - headers already sent by (output started at /local/sites/bttbnew/cake/basics.php:262) in [CORE/cake/libs/controller/controller.php, line 579]
2008-08-15 16:04:46 Warning: Warning (2): Cannot modify header information - headers already sent by (output started at /local/sites/bttbnew/cake/basics.php:262) in [CORE/cake/libs/controller/controller.php, line 579]
2008-08-20 13:32:04 Warning: Warning (2): Missing argument 1 for BooksController::topsellers_xml(), called in /local/sites/bttbnew/cake/libs/object.php on line 114 and defined in [APP/controllers/books_controller.php, line 74]
2008-08-20 13:32:56 Warning: Warning (2): Missing argument 1 for BooksController::topsellers_xml(), called in /local/sites/bttbnew/cake/libs/object.php on line 114 and defined in [APP/controllers/books_controller.php, line 74]
2008-08-20 14:29:41 Warning: Warning (2): Cannot modify header information - headers already sent by (output started at /local/sites/bttbnew/cake/libs/controller/controller.php:554) in [CORE/cake/libs/controller/controller.php, line 581]
2008-08-20 16:43:06 Warning: Warning (2): Invalid argument supplied for foreach() in [CORE/cake/libs/controller/components/email.php, line 465]
2008-08-20 16:43:07 Warning: Warning (2): Cannot modify header information - headers already sent by (output started at /local/sites/bttbnew/app/controllers/users_controller.php:60) in [CORE/cake/libs/controller/controller.php, line 587]
2008-08-20 16:43:55 Warning: Warning (2): Invalid argument supplied for foreach() in [CORE/cake/libs/controller/components/email.php, line 465]
2008-08-20 16:47:49 Warning: Warning (512): <span style = "color:Red;text-align:left"><b>SQL Error:</b> 1146: Table 'betterth_bttb2.listings_events' doesn't exist</span> in [CORE/cake/libs/model/datasources/dbo_source.php, line 512]
2008-08-20 16:48:14 Warning: Warning (512): <span style = "color:Red;text-align:left"><b>SQL Error:</b> 1146: Table 'betterth_bttb2.listings_events' doesn't exist</span> in [CORE/cake/libs/model/datasources/dbo_source.php, line 512]
2008-08-20 16:50:28 Warning: Warning (512): <span style = "color:Red;text-align:left"><b>SQL Error:</b> 1146: Table 'betterth_bttb2.book' doesn't exist</span> in [CORE/cake/libs/model/datasources/dbo_source.php, line 512]
2008-08-20 16:53:19 Warning: Warning (512): <span style = "color:Red;text-align:left"><b>SQL Error:</b> 1054: Unknown column 'Dropped.sold_listing_id' in 'where clause'</span> in [CORE/cake/libs/model/datasources/dbo_source.php, line 512]
2008-08-20 16:56:03 Warning: Warning (512): <span style = "color:Red;text-align:left"><b>SQL Error:</b> 1064: You have an error in your SQL syntax; check the manual that corresponds to your MySQL server version for the right syntax to use near '' at line 24</span> in [CORE/cake/libs/model/datasources/dbo_source.php, line 512]
2008-08-20 16:56:46 Warning: Warning (512): <span style = "color:Red;text-align:left"><b>SQL Error:</b> 1064: You have an error in your SQL syntax; check the manual that corresponds to your MySQL server version for the right syntax to use near '' at line 24</span> in [CORE/cake/libs/model/datasources/dbo_source.php, line 512]
2008-08-20 16:57:22 Warning: Warning (512): <span style = "color:Red;text-align:left"><b>SQL Error:</b> 1064: You have an error in your SQL syntax; check the manual that corresponds to your MySQL server version for the right syntax to use near '' at line 22</span> in [CORE/cake/libs/model/datasources/dbo_source.php, line 512]
2008-08-20 16:57:33 Warning: Warning (512): <span style = "color:Red;text-align:left"><b>SQL Error:</b> 1054: Unknown column 'Dropped.sold_listing_id' in 'where clause'</span> in [CORE/cake/libs/model/datasources/dbo_source.php, line 512]
2008-08-20 23:15:23 Warning: Warning (512): <span style = "color:Red;text-align:left"><b>SQL Error:</b> 1054: Unknown column 'created_date' in 'where clause'</span> in [CORE/cake/libs/model/datasources/dbo_source.php, line 512]
